{
  "stats": {
    "suites": 1,
    "tests": 5,
    "passes": 4,
    "pending": 0,
    "failures": 1,
    "start": "2024-09-17T10:20:41.261Z",
    "end": "2024-09-17T10:20:43.260Z",
    "duration": 1999,
    "testsRegistered": 5,
    "passPercent": 80,
    "pendingPercent": 0,
    "other": 0,
    "hasOther": false,
    "skipped": 0,
    "hasSkipped": false
  },
  "results": [
    {
      "uuid": "4137e9bb-dd7f-439b-aebb-b518bde054a9",
      "title": "",
      "fullFile": "D:\\Code\\qa\\automation_api_mocha\\users.js",
      "file": "\\users.js",
      "beforeHooks": [],
      "afterHooks": [],
      "tests": [],
      "suites": [
        {
          "uuid": "6ca00807-38d0-419a-aa27-63e07b9b4a1e",
          "title": "POST /login and use token for adding user",
          "fullFile": "D:\\Code\\qa\\automation_api_mocha\\users.js",
          "file": "\\users.js",
          "beforeHooks": [],
          "afterHooks": [],
          "tests": [
            {
              "title": "Login dengan email dan password yang valid",
              "fullTitle": "POST /login and use token for adding user Login dengan email dan password yang valid",
              "timedOut": false,
              "duration": 1303,
              "state": "passed",
              "speed": "slow",
              "pass": true,
              "fail": false,
              "pending": false,
              "context": null,
              "code": "const response = await request(baseUrl).post(\"/authentications\").send({\n  email: \"switch@yopmail.com\",\n  password: \"switch@123\",\n});\n// Verifikasi response dari login\nexpect(response.status).to.equal(201);\nexpect(response.body).to.have.property(\n  \"message\",\n  \"Authentication berhasil ditambahkan\"\n);\nexpect(response.status).to.equal(201);\nexpect(response.body).to.have.property(\"status\", \"success\");\nexpect(response.body).to.have.property(\n  \"message\",\n  \"Authentication berhasil ditambahkan\"\n);\nexpect(response.body).to.have.property(\"data\");\n// Simpan token untuk digunakan di request berikutnya\naccessToken = response.body.data.accessToken;",
              "err": {},
              "uuid": "abcb8c5c-d93f-45c4-85dd-5516d76c3c36",
              "parentUUID": "6ca00807-38d0-419a-aa27-63e07b9b4a1e",
              "isHook": false,
              "skipped": false
            },
            {
              "title": "Menambahkan pengguna baru dengan data yang valid",
              "fullTitle": "POST /login and use token for adding user Menambahkan pengguna baru dengan data yang valid",
              "timedOut": false,
              "duration": 181,
              "state": "failed",
              "speed": null,
              "pass": false,
              "fail": true,
              "pending": false,
              "context": null,
              "code": "const addUserResponse = await request(baseUrl)\n  .post(\"/users\") // Endpoint untuk menambah user\n  .set(\"Authorization\", `Bearer ${accessToken}`) // Set token di header\n  .send({\n    name: \"user46\",\n    email: \"user46@yopmail.com\",\n    password: \"user46\",\n  });\n// Verifikasi response dari permintaan add user\nexpect(addUserResponse.status).to.equal(201);\nexpect(addUserResponse.body).to.have.property(\"status\", \"success\");\nexpect(addUserResponse.body).to.have.property(\n  \"message\",\n  \"User berhasil ditambahkan\"\n);\nexpect(addUserResponse.body.data).to.have.property(\"name\", \"user46\"); // Cek ID user yang ditambahkan",
              "err": {
                "message": "AssertionError: expected 400 to equal 201",
                "estack": "AssertionError: expected 400 to equal 201\n    at Context.<anonymous> (file:///D:/Code/qa/automation_api_mocha/users.js:49:39)\n    at process.processTicksAndRejections (node:internal/process/task_queues:95:5)",
                "diff": "- 400\n+ 201\n"
              },
              "uuid": "cf1de1eb-7adf-4176-ba11-6f4c815d3a9d",
              "parentUUID": "6ca00807-38d0-419a-aa27-63e07b9b4a1e",
              "isHook": false,
              "skipped": false
            },
            {
              "title": "Menambahkan pengguna yang sudah ditambahkan",
              "fullTitle": "POST /login and use token for adding user Menambahkan pengguna yang sudah ditambahkan",
              "timedOut": false,
              "duration": 116,
              "state": "passed",
              "speed": "slow",
              "pass": true,
              "fail": false,
              "pending": false,
              "context": null,
              "code": "const addUserResponse = await request(baseUrl)\n  .post(\"/users\") // Endpoint untuk menambah user\n  .set(\"Authorization\", `Bearer ${accessToken}`) // Set token di header\n  .send({\n    name: \"user41\",\n    email: \"user41@yopmail.com\",\n    password: \"user41\",\n  });\n// Verifikasi response dari permintaan add user\nexpect(addUserResponse.status).to.equal(400);\nexpect(addUserResponse.body).to.have.property(\"status\", \"fail\");\nexpect(addUserResponse.body).to.have.property(\n  \"message\",\n  \"Email sudah digunakan\"\n);",
              "err": {},
              "uuid": "15744a4d-ec76-48f8-920d-a71a5c46fd47",
              "parentUUID": "6ca00807-38d0-419a-aa27-63e07b9b4a1e",
              "isHook": false,
              "skipped": false
            },
            {
              "title": "Menampilkan semua data user",
              "fullTitle": "POST /login and use token for adding user Menampilkan semua data user",
              "timedOut": false,
              "duration": 133,
              "state": "passed",
              "speed": "slow",
              "pass": true,
              "fail": false,
              "pending": false,
              "context": null,
              "code": "const getUsersResponse = await request(baseUrl)\n  .get(\"/users\") // Endpoint untuk menambah user\n  .set(\"Authorization\", `Bearer ${accessToken}`); // Set token di header\n// Verifikasi response dari permintaan add user\nexpect(getUsersResponse.status).to.equal(200);\nexpect(getUsersResponse.body).to.have.property(\"status\", \"success\");",
              "err": {},
              "uuid": "245f5f7b-43b4-4390-9ab8-22a7b2ab3394",
              "parentUUID": "6ca00807-38d0-419a-aa27-63e07b9b4a1e",
              "isHook": false,
              "skipped": false
            },
            {
              "title": "Menampilkan detail user",
              "fullTitle": "POST /login and use token for adding user Menampilkan detail user",
              "timedOut": false,
              "duration": 129,
              "state": "passed",
              "speed": "slow",
              "pass": true,
              "fail": false,
              "pending": false,
              "context": null,
              "code": "const userId = \"15e3663c-02f3-4ebd-953f-a408c74d12da\";\n// Menggunakan template literal dengan benar di URL endpoint\nconst getUsersResponse = await request(baseUrl)\n  .get(`/users/${userId}`) // Endpoint untuk menampilkan detail user\n  .set(\"Authorization\", `Bearer ${accessToken}`); // Set token di header\n// Verifikasi response dari permintaan detail user\nexpect(getUsersResponse.status).to.equal(200); // Pastikan status 200 (OK)\nexpect(getUsersResponse.body).to.have.property(\"status\", \"success\"); // Verifikasi status \"success\"\nexpect(getUsersResponse.body).to.have.property(\"data\"); // Verifikasi bahwa ada data yang dikembalikan\nexpect(getUsersResponse.body.data.user).to.have.property(\"name\", \"user28\"); // Verifikasi ID user",
              "err": {},
              "uuid": "ed973220-45e6-4152-a220-98042cc6718d",
              "parentUUID": "6ca00807-38d0-419a-aa27-63e07b9b4a1e",
              "isHook": false,
              "skipped": false
            }
          ],
          "suites": [],
          "passes": [
            "abcb8c5c-d93f-45c4-85dd-5516d76c3c36",
            "15744a4d-ec76-48f8-920d-a71a5c46fd47",
            "245f5f7b-43b4-4390-9ab8-22a7b2ab3394",
            "ed973220-45e6-4152-a220-98042cc6718d"
          ],
          "failures": [
            "cf1de1eb-7adf-4176-ba11-6f4c815d3a9d"
          ],
          "pending": [],
          "skipped": [],
          "duration": 1862,
          "root": false,
          "rootEmpty": false,
          "_timeout": 2000
        }
      ],
      "passes": [],
      "failures": [],
      "pending": [],
      "skipped": [],
      "duration": 0,
      "root": true,
      "rootEmpty": true,
      "_timeout": 2000
    }
  ],
  "meta": {
    "mocha": {
      "version": "10.7.3"
    },
    "mochawesome": {
      "options": {
        "quiet": false,
        "reportFilename": "mochawesome",
        "saveHtml": true,
        "saveJson": true,
        "consoleReporter": "spec",
        "useInlineDiffs": false,
        "code": true
      },
      "version": "7.1.3"
    },
    "marge": {
      "options": null,
      "version": "6.2.0"
    }
  }
}